<?xml version="1.0" encoding="UTF-8"?>
<testng-results ignored="0" total="4" passed="4" failed="0" skipped="0">
  <reporter-output>
  </reporter-output>
  <suite started-at="2022-03-30T08:37:26 PDT" name="Default suite" finished-at="2022-03-30T08:42:22 PDT" duration-ms="295753">
    <groups>
      <group name="cucumber">
        <method signature="AbstractTestNGCucumberTests.runScenario(io.cucumber.testng.PickleWrapper,io.cucumber.testng.FeatureWrapper)[pri:0, instance:runner.RunTest@13e344d]" name="runScenario" class="io.cucumber.testng.AbstractTestNGCucumberTests"/>
      </group> <!-- cucumber -->
    </groups>
    <test started-at="2022-03-30T08:37:26 PDT" name="Default test" finished-at="2022-03-30T08:42:22 PDT" duration-ms="295753">
      <class name="runner.RunTest">
        <test-method is-config="true" signature="setUpClass(org.testng.ITestContext)[pri:0, instance:runner.RunTest@13e344d]" started-at="2022-03-30T08:37:27 PDT" name="setUpClass" finished-at="2022-03-30T08:37:31 PDT" duration-ms="3965" status="PASS">
          <params>
            <param index="0">
              <value>
                <![CDATA[org.testng.TestRunner@1930a804]]>
              </value>
            </param>
          </params>
          <reporter-output>
          </reporter-output>
        </test-method> <!-- setUpClass -->
        <test-method is-config="true" signature="precondition()[pri:0, instance:runner.RunTest@13e344d]" started-at="2022-03-30T08:37:31 PDT" name="precondition" finished-at="2022-03-30T08:38:17 PDT" duration-ms="46613" status="PASS">
          <reporter-output>
          </reporter-output>
        </test-method> <!-- precondition -->
        <test-method signature="runScenario(io.cucumber.testng.PickleWrapper,io.cucumber.testng.FeatureWrapper)[pri:0, instance:runner.RunTest@13e344d]" started-at="2022-03-30T08:38:17 PDT" name="runScenario" description="Runs Cucumber Scenarios" data-provider="scenarios" finished-at="2022-03-30T08:38:52 PDT" duration-ms="34322" status="PASS">
          <params>
            <param index="0">
              <value>
                <![CDATA["TC001_CreateLead positive flow"]]>
              </value>
            </param>
            <param index="1">
              <value>
                <![CDATA["Optional[Create Lead in Leaf taps]"]]>
              </value>
            </param>
          </params>
          <reporter-output>
          </reporter-output>
        </test-method> <!-- runScenario -->
        <test-method is-config="true" signature="postcondition()[pri:0, instance:runner.RunTest@13e344d]" started-at="2022-03-30T08:38:52 PDT" name="postcondition" finished-at="2022-03-30T08:38:53 PDT" duration-ms="1872" status="PASS">
          <reporter-output>
          </reporter-output>
        </test-method> <!-- postcondition -->
        <test-method is-config="true" signature="precondition()[pri:0, instance:runner.RunTest@13e344d]" started-at="2022-03-30T08:38:53 PDT" name="precondition" finished-at="2022-03-30T08:39:04 PDT" duration-ms="10505" status="PASS">
          <reporter-output>
          </reporter-output>
        </test-method> <!-- precondition -->
        <test-method signature="runScenario(io.cucumber.testng.PickleWrapper,io.cucumber.testng.FeatureWrapper)[pri:0, instance:runner.RunTest@13e344d]" started-at="2022-03-30T08:39:04 PDT" name="runScenario" description="Runs Cucumber Scenarios" data-provider="scenarios" finished-at="2022-03-30T08:39:37 PDT" duration-ms="32936" status="PASS">
          <params>
            <param index="0">
              <value>
                <![CDATA["TC002_EditLead positive flow"]]>
              </value>
            </param>
            <param index="1">
              <value>
                <![CDATA["Optional[Edit Lead in Leaf taps]"]]>
              </value>
            </param>
          </params>
          <reporter-output>
          </reporter-output>
        </test-method> <!-- runScenario -->
        <test-method is-config="true" signature="postcondition()[pri:0, instance:runner.RunTest@13e344d]" started-at="2022-03-30T08:39:37 PDT" name="postcondition" finished-at="2022-03-30T08:39:37 PDT" duration-ms="551" status="PASS">
          <reporter-output>
          </reporter-output>
        </test-method> <!-- postcondition -->
        <test-method is-config="true" signature="precondition()[pri:0, instance:runner.RunTest@13e344d]" started-at="2022-03-30T08:39:37 PDT" name="precondition" finished-at="2022-03-30T08:39:48 PDT" duration-ms="10743" status="PASS">
          <reporter-output>
          </reporter-output>
        </test-method> <!-- precondition -->
        <test-method signature="runScenario(io.cucumber.testng.PickleWrapper,io.cucumber.testng.FeatureWrapper)[pri:0, instance:runner.RunTest@13e344d]" started-at="2022-03-30T08:39:48 PDT" name="runScenario" description="Runs Cucumber Scenarios" data-provider="scenarios" finished-at="2022-03-30T08:41:04 PDT" duration-ms="75359" status="PASS">
          <params>
            <param index="0">
              <value>
                <![CDATA["TC003_DuplicateLead positive flow"]]>
              </value>
            </param>
            <param index="1">
              <value>
                <![CDATA["Optional[Duplicate Lead in Leaf taps]"]]>
              </value>
            </param>
          </params>
          <reporter-output>
          </reporter-output>
        </test-method> <!-- runScenario -->
        <test-method is-config="true" signature="postcondition()[pri:0, instance:runner.RunTest@13e344d]" started-at="2022-03-30T08:41:04 PDT" name="postcondition" finished-at="2022-03-30T08:41:13 PDT" duration-ms="8990" status="PASS">
          <reporter-output>
          </reporter-output>
        </test-method> <!-- postcondition -->
        <test-method is-config="true" signature="precondition()[pri:0, instance:runner.RunTest@13e344d]" started-at="2022-03-30T08:41:13 PDT" name="precondition" finished-at="2022-03-30T08:41:30 PDT" duration-ms="17047" status="PASS">
          <reporter-output>
          </reporter-output>
        </test-method> <!-- precondition -->
        <test-method signature="runScenario(io.cucumber.testng.PickleWrapper,io.cucumber.testng.FeatureWrapper)[pri:0, instance:runner.RunTest@13e344d]" started-at="2022-03-30T08:41:30 PDT" name="runScenario" description="Runs Cucumber Scenarios" data-provider="scenarios" finished-at="2022-03-30T08:42:02 PDT" duration-ms="32749" status="PASS">
          <params>
            <param index="0">
              <value>
                <![CDATA["TC004_DeleteLead positive flow"]]>
              </value>
            </param>
            <param index="1">
              <value>
                <![CDATA["Optional[Delete Lead in Leaf taps]"]]>
              </value>
            </param>
          </params>
          <reporter-output>
          </reporter-output>
        </test-method> <!-- runScenario -->
        <test-method is-config="true" signature="postcondition()[pri:0, instance:runner.RunTest@13e344d]" started-at="2022-03-30T08:42:02 PDT" name="postcondition" finished-at="2022-03-30T08:42:15 PDT" duration-ms="12673" status="PASS">
          <reporter-output>
          </reporter-output>
        </test-method> <!-- postcondition -->
        <test-method is-config="true" signature="tearDownClass()[pri:0, instance:runner.RunTest@13e344d]" started-at="2022-03-30T08:42:15 PDT" name="tearDownClass" finished-at="2022-03-30T08:42:22 PDT" duration-ms="7039" status="PASS">
          <reporter-output>
          </reporter-output>
        </test-method> <!-- tearDownClass -->
      </class> <!-- runner.RunTest -->
    </test> <!-- Default test -->
  </suite> <!-- Default suite -->
</testng-results>
